<?xml version="1.0" encoding="UTF-8"?>
<testng-results skipped="0" failed="0" total="2" passed="2">
  <reporter-output>
  </reporter-output>
  <suite name="Default suite" duration-ms="19965" started-at="2019-05-11T16:39:44Z" finished-at="2019-05-11T16:40:04Z">
    <groups>
    </groups>
    <test name="Default test" duration-ms="19965" started-at="2019-05-11T16:39:44Z" finished-at="2019-05-11T16:40:04Z">
      <class name="com.ap.ui.testcase.HomePageTest">
        <test-method status="PASS" signature="setUp()[pri:0, instance:com.ap.ui.testcase.HomePageTest@5e5792a0]" name="setUp" is-config="true" duration-ms="8173" started-at="2019-05-11T12:39:44Z" finished-at="2019-05-11T12:39:52Z">
          <reporter-output>
          </reporter-output>
        </test-method> <!-- setUp -->
        <test-method status="PASS" signature="searchPageTest()[pri:1, instance:com.ap.ui.testcase.HomePageTest@5e5792a0]" name="searchPageTest" duration-ms="452" started-at="2019-05-11T12:39:52Z" finished-at="2019-05-11T12:39:53Z">
          <reporter-output>
          </reporter-output>
        </test-method> <!-- searchPageTest -->
        <test-method status="PASS" signature="closeBrowser()[pri:0, instance:com.ap.ui.testcase.HomePageTest@5e5792a0]" name="closeBrowser" is-config="true" duration-ms="761" started-at="2019-05-11T12:39:53Z" finished-at="2019-05-11T12:39:54Z">
          <reporter-output>
          </reporter-output>
        </test-method> <!-- closeBrowser -->
        <test-method status="PASS" signature="setUp()[pri:0, instance:com.ap.ui.testcase.HomePageTest@5e5792a0]" name="setUp" is-config="true" duration-ms="7295" started-at="2019-05-11T12:39:54Z" finished-at="2019-05-11T12:40:01Z">
          <reporter-output>
          </reporter-output>
        </test-method> <!-- setUp -->
        <test-method status="PASS" signature="SignntTest()[pri:2, instance:com.ap.ui.testcase.HomePageTest@5e5792a0]" name="SignntTest" duration-ms="2467" started-at="2019-05-11T12:40:01Z" finished-at="2019-05-11T12:40:03Z">
          <reporter-output>
          </reporter-output>
        </test-method> <!-- SignntTest -->
        <test-method status="PASS" signature="closeBrowser()[pri:0, instance:com.ap.ui.testcase.HomePageTest@5e5792a0]" name="closeBrowser" is-config="true" duration-ms="778" started-at="2019-05-11T12:40:03Z" finished-at="2019-05-11T12:40:04Z">
          <reporter-output>
          </reporter-output>
        </test-method> <!-- closeBrowser -->
      </class> <!-- com.ap.ui.testcase.HomePageTest -->
    </test> <!-- Default test -->
  </suite> <!-- Default suite -->
</testng-results>
